<?xml version="1.0" encoding="UTF-8"?>
<!-- Generated by org.testng.reporters.JUnitReportReporter -->
<testsuite hostname="DESKTOP-DRAUTUQ" failures="0" tests="2" name="restAssuredTest.Trello_Post" time="2.762" errors="0" timestamp="05 Mar. 2021 19:15:32 GMT" skipped="0">
  <testcase classname="restAssuredTest.Trello_Post" name="trial" time="2.008"/>
  <testcase classname="restAssuredTest.Trello_Post" name="zdte" time="0.754"/>
</testsuite> <!-- restAssuredTest.Trello_Post -->
